[LOG] System::create                           : Header version = 2.02.17. Current version = 2.02.17.
[LOG] Manager::init                            : maxchannels = 256 studioflags = 00000006 flags 00000000 extradriverdata 0000000000000000.
[LOG] SystemI::init                            : Initialize version=20217 (136061), maxchannels=256, flags=0x00020000
[LOG] SystemI::setOutputInternal               : Setting output to 'FMOD WASAPI Output'
[LOG] OutputWASAPI::init                       : Mix Format (WAVEFORMATEX): wFormatTag=0xFFFE, nChannels=2, nSamplesPerSec=48000, nAvgBytesPerSec=384000, nBlockAlign=8, wBitsPerSample=32, cbSize=22.
[LOG] OutputWASAPI::init                       : Mix Format (WAVEFORMATEXTENSIBLE): wValidBitsPerSample=32, dwChannelMask=0x00000003, SubFormat=00000003-0000-0010-8000-00AA00389B71.
[LOG] OutputWASAPI::init                       : Output buffer size: 4096 samples, latency: 0.00ms, period: 10.00ms, DSP buffer: 1024 * 4
[LOG] Thread::initThread                       : Init FMOD stream thread. Affinity: 0x4000000000000003, Priority: 0xFFFF7FFB, Stack Size: 98304, Semaphore: No, Sleep Time: 10, Looping: Yes.
[LOG] Thread::initThread                       : Init FMOD mixer thread. Affinity: 0x4000000000000001, Priority: 0xFFFF7FFA, Stack Size: 81920, Semaphore: No, Sleep Time: 0, Looping: Yes.
[LOG] AsyncManager::init                       : manager 0000023CE275D868 isAsync 0 updatePeriod 0.02
[LOG] AsyncManager::init                       : done
[LOG] PlaybackSystem::init                     : 
[LOG] Thread::initThread                       : Init FMOD Studio sample load thread. Affinity: 0x4000000000000003, Priority: 0xFFFF7FFD, Stack Size: 98304, Semaphore: No, Sleep Time: 1, Looping: No.
[LOG] PlaybackSystem::init                     : done
[LOG] Thread::initThread                       : Init FMOD Studio bank load thread. Affinity: 0x4000000000000003, Priority: 0xFFFF7FFD, Stack Size: 98304, Semaphore: No, Sleep Time: 1, Looping: No.
[LOG] Manager::init                            : done.
[LOG] SystemI::createSoundInternal             : Create name='', mode=0x02000202
[LOG] SystemI::createSoundInternal             : exinfo->cbsize             = 224
[LOG] SystemI::createSoundInternal             : exinfo->length             = 5716800
[LOG] SystemI::createSoundInternal             : exinfo->fileoffset         = 7712
[LOG] SystemI::createSoundInternal             : exinfo->numsubsounds       = 1
[LOG] SystemI::createSoundInternal             : exinfo->inclusionlist      = 000000653DCFF4D8
[LOG] SystemI::createSoundInternal             : exinfo->inclusionlistnum   = 1
[LOG] SystemI::createSoundInternal             : exinfo->suggestedsoundtype = 5
[LOG] SystemI::createSoundInternal             : exinfo->useropen           = 00007FFEBAF63E90
[LOG] SystemI::createSoundInternal             : exinfo->userclose          = 00007FFEBAF63E50
[LOG] SystemI::createSoundInternal             : exinfo->userread           = 00007FFEBAF63F70
[LOG] SystemI::createSoundInternal             : exinfo->userseek           = 00007FFEBAF64030
[LOG] SystemI::createSoundInternal             : exinfo->fileuserdata       = 0000023A20ECAB38
[LOG] SystemI::createSoundInternal             : exinfo->initialseekpostype = 1
[LOG] SystemI::DSPCodecPoolRegister            : register codec pool for pool type 5
[LOG] SystemI::createSoundInternal             : Sample 0/1: name='click', format=5, channels=2, frequency=48000, lengthbytes=19872, lengthpcm=111595, pcmblocksize=0, loopstart=0, loopend=0, mode=0x00000000, channelmask=0x00000000, channelorder=0, peakvolume=0.974670.
[LOG] SystemI::createSound                     : filename = ../../FMOD Studio/PingPong/ballColSfx/Build/Desktop/Master.bank : mode 02010082
[LOG] SystemI::createSound                     : FMOD_NONBLOCKING specified.  Putting into queue to be opened asynchronously!
[LOG] Thread::initThread                       : Init FMOD nonblocking thread (0). Affinity: 0x4000000000000003, Priority: 0xFFFF7FFC, Stack Size: 114688, Semaphore: Yes, Sleep Time: 0, Looping: Yes.
[LOG] AsyncThread::add                         : add sound to async queue : soundi = 0000023D037E80B8, queue head = 0000023C56D80BE8, queue count = 0
[LOG] AsyncThread::threadFunc                  : Starting Asynchronous operation on sound 0000023D037E80B8
[LOG] SystemI::createSoundInternal             :     Create name='../../FMOD Studio/PingPong/ballColSfx/Build/Desktop/Master.bank', mode=0x02010082
[LOG] SystemI::createSoundInternal             :     exinfo->cbsize             = 224
[LOG] SystemI::createSoundInternal             :     exinfo->length             = 5716800
[LOG] SystemI::createSoundInternal             :     exinfo->fileoffset         = 7712
[LOG] SystemI::createSoundInternal             :     exinfo->numsubsounds       = 1
[LOG] SystemI::createSoundInternal             :     exinfo->inclusionlist      = 0000023D03527420
[LOG] SystemI::createSoundInternal             :     exinfo->inclusionlistnum   = 1
[LOG] SystemI::createSoundInternal             :     exinfo->suggestedsoundtype = 5
[LOG] SystemI::createSoundInternal             :     exinfo->initialseekposition = 1000
[LOG] SystemI::createSoundInternal             :     exinfo->initialseekpostype = 1
[LOG] SystemI::createSoundInternal             :     Stream 0/1: name='AdhesiveWombat_-_Night_Shade', format=5, channels=2, frequency=48000, lengthbytes=5672224, lengthpcm=19707193, pcmblocksize=0, loopstart=0, loopend=0, mode=0x00000000, channelmask=0x00000000, channelorder=0, peakvolume=0.999969.
[LOG] Thread::initThread                       :     Init FMOD file thread. Affinity: 0x4000000000000003, Priority: 0xFFFF7FFC, Stack Size: 65536, Semaphore: No, Sleep Time: 10, Looping: Yes.
[LOG] AsyncThread::threadFunc                  : Finished Asynchronous operation on sound 0000023D037E80B8
[LOG] SystemI::createSoundInternal             : Create name='', mode=0x02000202
[LOG] SystemI::createSoundInternal             : exinfo->cbsize             = 224
[LOG] SystemI::createSoundInternal             : exinfo->length             = 5716800
[LOG] SystemI::createSoundInternal             : exinfo->fileoffset         = 7712
[LOG] SystemI::createSoundInternal             : exinfo->numsubsounds       = 1
[LOG] SystemI::createSoundInternal             : exinfo->inclusionlist      = 000000653DCFF4D8
[LOG] SystemI::createSoundInternal             : exinfo->inclusionlistnum   = 1
[LOG] SystemI::createSoundInternal             : exinfo->suggestedsoundtype = 5
[LOG] SystemI::createSoundInternal             : exinfo->useropen           = 00007FFEBAF63E90
[LOG] SystemI::createSoundInternal             : exinfo->userclose          = 00007FFEBAF63E50
[LOG] SystemI::createSoundInternal             : exinfo->userread           = 00007FFEBAF63F70
[LOG] SystemI::createSoundInternal             : exinfo->userseek           = 00007FFEBAF64030
[LOG] SystemI::createSoundInternal             : exinfo->fileuserdata       = 0000023D28FA19D8
[LOG] SystemI::createSoundInternal             : exinfo->initialseekpostype = 1
[LOG] SystemI::DSPCodecPoolRegister            : register codec pool for pool type 5
[LOG] SystemI::createSoundInternal             : Sample 0/1: name='racketHit', format=5, channels=2, frequency=48000, lengthbytes=6016, lengthpcm=31207, pcmblocksize=0, loopstart=0, loopend=0, mode=0x00000000, channelmask=0x00000000, channelorder=0, peakvolume=0.651520.
[LOG] SystemI::createSoundInternal             : Create name='', mode=0x02000202
[LOG] SystemI::createSoundInternal             : exinfo->cbsize             = 224
[LOG] SystemI::createSoundInternal             : exinfo->length             = 5716800
[LOG] SystemI::createSoundInternal             : exinfo->fileoffset         = 7712
[LOG] SystemI::createSoundInternal             : exinfo->numsubsounds       = 1
[LOG] SystemI::createSoundInternal             : exinfo->inclusionlist      = 000000653DCFF4D8
[LOG] SystemI::createSoundInternal             : exinfo->inclusionlistnum   = 1
[LOG] SystemI::createSoundInternal             : exinfo->suggestedsoundtype = 5
[LOG] SystemI::createSoundInternal             : exinfo->useropen           = 00007FFEBAF63E90
[LOG] SystemI::createSoundInternal             : exinfo->userclose          = 00007FFEBAF63E50
[LOG] SystemI::createSoundInternal             : exinfo->userread           = 00007FFEBAF63F70
[LOG] SystemI::createSoundInternal             : exinfo->userseek           = 00007FFEBAF64030
[LOG] SystemI::createSoundInternal             : exinfo->fileuserdata       = 0000023C5691FDF8
[LOG] SystemI::createSoundInternal             : exinfo->initialseekpostype = 1
[LOG] SystemI::DSPCodecPoolRegister            : register codec pool for pool type 5
[LOG] SystemI::createSoundInternal             : Sample 0/1: name='wallColl', format=5, channels=1, frequency=48000, lengthbytes=4640, lengthpcm=29554, pcmblocksize=0, loopstart=0, loopend=0, mode=0x00000000, channelmask=0x00000000, channelorder=0, peakvolume=0.415710.
[LOG] SystemI::createSoundInternal             : Create name='', mode=0x02000202
[LOG] SystemI::createSoundInternal             : exinfo->cbsize             = 224
[LOG] SystemI::createSoundInternal             : exinfo->length             = 5716800
[LOG] SystemI::createSoundInternal             : exinfo->fileoffset         = 7712
[LOG] SystemI::createSoundInternal             : exinfo->numsubsounds       = 1
[LOG] SystemI::createSoundInternal             : exinfo->inclusionlist      = 000000653DCFF4D8
[LOG] SystemI::createSoundInternal             : exinfo->inclusionlistnum   = 1
[LOG] SystemI::createSoundInternal             : exinfo->suggestedsoundtype = 5
[LOG] SystemI::createSoundInternal             : exinfo->useropen           = 00007FFEBAF63E90
[LOG] SystemI::createSoundInternal             : exinfo->userclose          = 00007FFEBAF63E50
[LOG] SystemI::createSoundInternal             : exinfo->userread           = 00007FFEBAF63F70
[LOG] SystemI::createSoundInternal             : exinfo->userseek           = 00007FFEBAF64030
[LOG] SystemI::createSoundInternal             : exinfo->fileuserdata       = 0000023C5691FDF8
[LOG] SystemI::createSoundInternal             : exinfo->initialseekpostype = 1
[LOG] SystemI::DSPCodecPoolRegister            : register codec pool for pool type 5
[LOG] SystemI::createSoundInternal             : Sample 0/1: name='pointScored', format=5, channels=2, frequency=48000, lengthbytes=7136, lengthpcm=40124, pcmblocksize=0, loopstart=0, loopend=0, mode=0x00000000, channelmask=0x00000000, channelorder=0, peakvolume=0.353607.
[LOG] SoundI::release                          : AdhesiveWombat_-_Night_Shade (0000023D037E80B8)
[LOG] SoundI::release                          :     AdhesiveWombat_-_Night_Shade (0000023C5792AE48)
[LOG] SoundI::release                          :     AdhesiveWombat_-_Night_Shade (0000023D037E8C88)
[LOG] SoundI::release                          :  (0000023A2076C268)
[LOG] SoundI::release                          :     buttonHover (0000023D299555A8)
[LOG] SoundI::release                          :  (0000023CE23AA998)
[LOG] SoundI::release                          :     click (0000023C5792B328)
[LOG] SoundI::release                          :  (0000023C5A44F088)
[LOG] SoundI::release                          :     wallColl (0000023CE23A92F8)
[LOG] SoundI::release                          :  (0000023C5A44F368)
[LOG] SoundI::release                          :     pointScored (0000023CE23A8938)
[LOG] SoundI::release                          :  (0000023D03EBB2F8)
[LOG] SoundI::release                          :     racketHit (0000023C5830DAB8)
[LOG] Thread::callback                         : FMOD Studio update thread finished.
[LOG] Thread::callback                         : FMOD Studio bank load thread finished.
[LOG] Profile::disconnectAll                   : Profiler disconnecting all clients
[LOG] Thread::callback                         : FMOD Studio sample load thread finished.
[LOG] LiveUpdate::release                      : 
[LOG] LiveUpdate::reset                        : Reset connection (reason Disconnected)
[LOG] Thread::callback                         : FMOD stream thread finished.
[LOG] Thread::callback                         : FMOD mixer thread finished.
[LOG] Profile::disconnectAll                   : Profiler disconnecting all clients
[LOG] SystemI::close                           : Closed.
